\BOOKMARK [1][-]{section.1}{\376\377\000H\000I\000S\000T\000O\000I\000R\000E\000\040\000D\000E\000\040\000L\000'\000A\000V\000I\000A\000T\000I\000O\000N}{}% 1
\BOOKMARK [2][-]{subsection.1.1}{\376\377\000L\000e\000s\000\040\000P\000i\000o\000n\000n\000i\000e\000r\000s\000\040\000\050\000a\000v\000a\000n\000t\000\040\0001\0009\0001\0004\000\051}{section.1}% 2
\BOOKMARK [2][-]{subsection.1.2}{\376\377\000G\000r\000a\000n\000d\000e\000\040\000G\000u\000e\000r\000r\000e\000\040\000e\000t\000\040\000E\000n\000t\000r\000e\000-\000d\000e\000u\000x\000-\000g\000u\000e\000r\000r\000e\000s\000\040\000\050\0001\0009\0001\0004\040\023\0001\0009\0003\0009\000\051}{section.1}% 3
\BOOKMARK [2][-]{subsection.1.3}{\376\377\000W\000W\000I\000I\000\040\000e\000t\000\040\000\302\000g\000e\000\040\000d\000u\000\040\000J\000e\000t\000\040\000\050\0001\0009\0003\0009\040\023\0001\0009\0007\0000\000\051}{section.1}% 4
\BOOKMARK [2][-]{subsection.1.4}{\376\377\000\310\000r\000e\000\040\000M\000o\000d\000e\000r\000n\000e\000\040\000\050\0001\0009\0007\0000\040\023\000a\000u\000j\000o\000u\000r\000d\000'\000h\000u\000i\000\051}{section.1}% 5
\BOOKMARK [1][-]{section.2}{\376\377\000A\000I\000R\000\040\000F\000R\000A\000N\000C\000E\000\040\040\024\000\040\000I\000D\000E\000N\000T\000I\000T\000\311\000,\000\040\000G\000O\000U\000V\000E\000R\000N\000A\000N\000C\000E\000,\000\040\000S\000T\000R\000A\000T\000\311\000G\000I\000E}{}% 6
\BOOKMARK [2][-]{subsection.2.1}{\376\377\000F\000i\000c\000h\000e\000\040\000d\000'\000I\000d\000e\000n\000t\000i\000t\000\351}{section.2}% 7
\BOOKMARK [2][-]{subsection.2.2}{\376\377\000S\000l\000o\000g\000a\000n\000s\000\040\000H\000i\000s\000t\000o\000r\000i\000q\000u\000e\000s}{section.2}% 8
\BOOKMARK [2][-]{subsection.2.3}{\376\377\000D\000i\000r\000i\000g\000e\000a\000n\000t\000s\000\040\000C\000l\000\351\000s}{section.2}% 9
\BOOKMARK [2][-]{subsection.2.4}{\376\377\000F\000i\000l\000i\000a\000l\000e\000s\000\040\000e\000t\000\040\000C\000h\000i\000f\000f\000r\000e\000s\000\040\000C\000l\000\351\000s}{section.2}% 10
\BOOKMARK [1][-]{section.3}{\376\377\000F\000L\000O\000T\000T\000E\000\040\000D\000\311\000T\000A\000I\000L\000L\000\311\000E}{}% 11
\BOOKMARK [2][-]{subsection.3.1}{\376\377\000F\000l\000o\000t\000t\000e\000\040\000L\000o\000n\000g\000-\000C\000o\000u\000r\000r\000i\000e\000r}{section.3}% 12
\BOOKMARK [2][-]{subsection.3.2}{\376\377\000F\000l\000o\000t\000t\000e\000\040\000M\000o\000y\000e\000n\000-\000C\000o\000u\000r\000r\000i\000e\000r}{section.3}% 13
\BOOKMARK [2][-]{subsection.3.3}{\376\377\000T\000r\000a\000n\000s\000a\000v\000i\000a\000\040\000F\000r\000a\000n\000c\000e}{section.3}% 14
\BOOKMARK [2][-]{subsection.3.4}{\376\377\000A\000v\000i\000o\000n\000s\000\040\000H\000i\000s\000t\000o\000r\000i\000q\000u\000e\000s}{section.3}% 15
\BOOKMARK [2][-]{subsection.3.5}{\376\377\000M\000o\000t\000e\000u\000r\000s\000\040\000p\000a\000r\000\040\000A\000v\000i\000o\000n\000\040\000\050\000q\000u\000e\000s\000t\000i\000o\000n\000\040\000t\000r\000\350\000s\000\040\000f\000r\000\351\000q\000u\000e\000n\000t\000e\000\051}{section.3}% 16
\BOOKMARK [1][-]{section.4}{\376\377\000P\000R\000I\000N\000C\000I\000P\000E\000S\000\040\000D\000E\000\040\000V\000O\000L\000\040\000\046\000\040\000A\000\311\000R\000O\000D\000Y\000N\000A\000M\000I\000Q\000U\000E}{}% 17
\BOOKMARK [2][-]{subsection.4.1}{\376\377\000L\000e\000s\000\040\0004\000\040\000F\000o\000r\000c\000e\000s}{section.4}% 18
\BOOKMARK [2][-]{subsection.4.2}{\376\377\000L\000e\000s\000\040\0003\000\040\000A\000x\000e\000s\000\040\000e\000t\000\040\000G\000o\000u\000v\000e\000r\000n\000e\000s}{section.4}% 19
\BOOKMARK [2][-]{subsection.4.3}{\376\377\000R\000e\000l\000a\000t\000i\000o\000n\000\040\000F\000o\000n\000d\000a\000m\000e\000n\000t\000a\000l\000e}{section.4}% 20
\BOOKMARK [2][-]{subsection.4.4}{\376\377\000L\000e\000\040\000D\000\351\000c\000r\000o\000c\000h\000a\000g\000e\000\040\000\050\000S\000t\000a\000l\000l\000\051}{section.4}% 21
\BOOKMARK [2][-]{subsection.4.5}{\376\377\000D\000i\000s\000p\000o\000s\000i\000t\000i\000f\000s\000\040\000H\000y\000p\000e\000r\000s\000u\000s\000t\000e\000n\000t\000a\000t\000e\000u\000r\000s}{section.4}% 22
\BOOKMARK [1][-]{section.5}{\376\377\000M\000O\000T\000E\000U\000R\000S\000\040\000\046\000\040\000P\000R\000O\000P\000U\000L\000S\000I\000O\000N}{}% 23
\BOOKMARK [2][-]{subsection.5.1}{\376\377\000F\000o\000n\000c\000t\000i\000o\000n\000n\000e\000m\000e\000n\000t\000\040\000d\000u\000\040\000T\000u\000r\000b\000o\000r\000\351\000a\000c\000t\000e\000u\000r\000\040\000\050\000T\000u\000r\000b\000o\000f\000a\000n\000\051}{section.5}% 24
\BOOKMARK [2][-]{subsection.5.2}{\376\377\000T\000y\000p\000e\000s\000\040\000d\000e\000\040\000M\000o\000t\000e\000u\000r\000s}{section.5}% 25
\BOOKMARK [1][-]{section.6}{\376\377\000I\000N\000S\000T\000R\000U\000M\000E\000N\000T\000S\000\040\000D\000E\000\040\000B\000O\000R\000D}{}% 26
\BOOKMARK [2][-]{subsection.6.1}{\376\377\000L\000e\000s\000\040\000S\000i\000x\000\040\000I\000n\000s\000t\000r\000u\000m\000e\000n\000t\000s\000\040\000d\000e\000\040\000B\000a\000s\000e}{section.6}% 27
\BOOKMARK [2][-]{subsection.6.2}{\376\377\000P\000a\000n\000n\000e\000s\000\040\040\024\000\040\000E\000f\000f\000e\000t\000s\000\040\000\050\000q\000u\000e\000s\000t\000i\000o\000n\000\040\000t\000r\000\350\000s\000\040\000f\000r\000\351\000q\000u\000e\000n\000t\000e\000\051}{section.6}% 28
\BOOKMARK [2][-]{subsection.6.3}{\376\377\000S\000y\000s\000t\000\350\000m\000e\000s\000\040\000d\000e\000\040\000S\000\351\000c\000u\000r\000i\000t\000\351}{section.6}% 29
\BOOKMARK [1][-]{section.7}{\376\377\000V\000I\000T\000E\000S\000S\000E\000S\000\040\000A\000\311\000R\000O\000N\000A\000U\000T\000I\000Q\000U\000E\000S}{}% 30
\BOOKMARK [2][-]{subsection.7.1}{\376\377\000V\000i\000t\000e\000s\000s\000e\000s\000\040\000d\000e\000\040\000D\000\351\000c\000o\000l\000l\000a\000g\000e}{section.7}% 31
\BOOKMARK [2][-]{subsection.7.2}{\376\377\000T\000y\000p\000e\000s\000\040\000d\000e\000\040\000V\000i\000t\000e\000s\000s\000e\000s}{section.7}% 32
\BOOKMARK [2][-]{subsection.7.3}{\376\377\000V\000i\000t\000e\000s\000s\000e\000s\000\040\000T\000y\000p\000i\000q\000u\000e\000s\000\040\000A\0003\0002\0000}{section.7}% 33
\BOOKMARK [1][-]{section.8}{\376\377\000N\000A\000V\000I\000G\000A\000T\000I\000O\000N\000\040\000A\000\311\000R\000I\000E\000N\000N\000E}{}% 34
\BOOKMARK [2][-]{subsection.8.1}{\376\377\000S\000y\000s\000t\000\350\000m\000e\000s\000\040\000d\000e\000\040\000N\000a\000v\000i\000g\000a\000t\000i\000o\000n}{section.8}% 35
\BOOKMARK [2][-]{subsection.8.2}{\376\377\000C\000a\000t\000\351\000g\000o\000r\000i\000e\000s\000\040\000I\000L\000S}{section.8}% 36
\BOOKMARK [2][-]{subsection.8.3}{\376\377\000E\000s\000p\000a\000c\000e\000s\000\040\000A\000\351\000r\000i\000e\000n\000s\000\040\000e\000n\000\040\000F\000r\000a\000n\000c\000e}{section.8}% 37
\BOOKMARK [2][-]{subsection.8.4}{\376\377\000N\000i\000v\000e\000a\000u\000x\000\040\000d\000e\000\040\000V\000o\000l\000\040\040\024\000\040\000R\000\350\000g\000l\000e\000\040\000S\000e\000m\000i\000-\000C\000i\000r\000c\000u\000l\000a\000i\000r\000e}{section.8}% 38
\BOOKMARK [2][-]{subsection.8.5}{\376\377\000N\000a\000v\000i\000g\000a\000t\000i\000o\000n\000\040\000T\000r\000a\000n\000s\000a\000t\000l\000a\000n\000t\000i\000q\000u\000e}{section.8}% 39
\BOOKMARK [1][-]{section.9}{\376\377\000M\000\311\000T\000\311\000O\000R\000O\000L\000O\000G\000I\000E\000\040\000A\000\311\000R\000O\000N\000A\000U\000T\000I\000Q\000U\000E}{}% 40
\BOOKMARK [2][-]{subsection.9.1}{\376\377\000A\000t\000m\000o\000s\000p\000h\000\350\000r\000e\000\040\000I\000S\000A}{section.9}% 41
\BOOKMARK [2][-]{subsection.9.2}{\376\377\000T\000a\000b\000l\000e\000a\000u\000\040\000T\000e\000m\000p\000\351\000r\000a\000t\000u\000r\000e\000s\000\040\000I\000S\000A}{section.9}% 42
\BOOKMARK [2][-]{subsection.9.3}{\376\377\000C\000a\000l\000a\000g\000e\000s\000\040\000A\000l\000t\000i\000m\000\351\000t\000r\000i\000q\000u\000e\000s}{section.9}% 43
\BOOKMARK [2][-]{subsection.9.4}{\376\377\000N\000u\000a\000g\000e\000s}{section.9}% 44
\BOOKMARK [2][-]{subsection.9.5}{\376\377\000P\000h\000\351\000n\000o\000m\000\350\000n\000e\000s\000\040\000C\000l\000\351\000s}{section.9}% 45
\BOOKMARK [2][-]{subsection.9.6}{\376\377\000M\000E\000T\000A\000R\000\040\040\024\000\040\000D\000\351\000c\000o\000d\000a\000g\000e}{section.9}% 46
\BOOKMARK [1][-]{section.10}{\376\377\000A\000\311\000R\000O\000P\000O\000R\000T\000S\000\040\000\046\000\040\000I\000N\000F\000R\000A\000S\000T\000R\000U\000C\000T\000U\000R\000E}{}% 47
\BOOKMARK [2][-]{subsection.10.1}{\376\377\000P\000a\000r\000i\000s\000-\000C\000h\000a\000r\000l\000e\000s\000\040\000d\000e\000\040\000G\000a\000u\000l\000l\000e\000\040\000\050\000C\000D\000G\000\040\000/\000\040\000L\000F\000P\000G\000\051}{section.10}% 48
\BOOKMARK [2][-]{subsection.10.2}{\376\377\000P\000a\000r\000i\000s\000-\000O\000r\000l\000y\000\040\000\050\000O\000R\000Y\000\040\000/\000\040\000L\000F\000P\000O\000\051}{section.10}% 49
\BOOKMARK [2][-]{subsection.10.3}{\376\377\000C\000o\000d\000e\000s\000\040\000O\000A\000C\000I\000\040\000F\000r\000a\000n\000c\000e}{section.10}% 50
\BOOKMARK [1][-]{section.11}{\376\377\000A\000L\000L\000I\000A\000N\000C\000E\000S\000\040\000\046\000\040\000F\000I\000D\000\311\000L\000I\000T\000\311}{}% 51
\BOOKMARK [2][-]{subsection.11.1}{\376\377\000S\000k\000y\000T\000e\000a\000m\000\040\040\024\000\040\0001\0008\000\040\000M\000e\000m\000b\000r\000e\000s\000\040\000\050\0002\0000\0002\0005\000\051}{section.11}% 52
\BOOKMARK [2][-]{subsection.11.2}{\376\377\000L\000e\000s\000\040\0003\000\040\000G\000r\000a\000n\000d\000e\000s\000\040\000A\000l\000l\000i\000a\000n\000c\000e\000s}{section.11}% 53
\BOOKMARK [1][-]{section.12}{\376\377\000S\000\311\000C\000U\000R\000I\000T\000\311\000\040\000\046\000\040\000\311\000V\000\311\000N\000E\000M\000E\000N\000T\000S\000\040\000M\000A\000J\000E\000U\000R\000S}{}% 54
\BOOKMARK [1][-]{section.13}{\376\377\000C\000O\000D\000E\000S\000,\000\040\000C\000O\000M\000M\000U\000N\000I\000C\000A\000T\000I\000O\000N\000S\000\040\000\046\000\040\000R\000\311\000G\000L\000E\000M\000E\000N\000T\000A\000T\000I\000O\000N}{}% 55
\BOOKMARK [2][-]{subsection.13.1}{\376\377\000C\000o\000d\000e\000s\000\040\000T\000r\000a\000n\000s\000p\000o\000n\000d\000e\000u\000r\000\040\000d\000'\000U\000r\000g\000e\000n\000c\000e}{section.13}% 56
\BOOKMARK [2][-]{subsection.13.2}{\376\377\000A\000l\000p\000h\000a\000b\000e\000t\000\040\000O\000A\000C\000I}{section.13}% 57
\BOOKMARK [2][-]{subsection.13.3}{\376\377\000O\000r\000g\000a\000n\000i\000s\000m\000e\000s\000\040\000I\000n\000t\000e\000r\000n\000a\000t\000i\000o\000n\000a\000u\000x}{section.13}% 58
\BOOKMARK [2][-]{subsection.13.4}{\376\377\000L\000i\000c\000e\000n\000c\000e\000s\000\040\000d\000e\000\040\000P\000i\000l\000o\000t\000e}{section.13}% 59
\BOOKMARK [2][-]{subsection.13.5}{\376\377\000U\000n\000i\000t\000\351\000s\000\040\000A\000\351\000r\000o\000n\000a\000u\000t\000i\000q\000u\000e\000s}{section.13}% 60
\BOOKMARK [1][-]{section.14}{\376\377\000Q\000C\000M\000\040\000D\000'\000E\000N\000T\000R\000A\000\316\000N\000E\000M\000E\000N\000T\000\040\040\024\000\040\0001\0000\0000\000\040\000Q\000U\000E\000S\000T\000I\000O\000N\000S}{}% 61
\BOOKMARK [1][-]{section.15}{\376\377\000E\000T\000O\000P\000S\000\040\000\046\000\040\000O\000P\000\311\000R\000A\000T\000I\000O\000N\000S\000\040\000\311\000T\000E\000N\000D\000U\000E\000S}{}% 62
\BOOKMARK [2][-]{subsection.15.1}{\376\377\000D\000\351\000f\000i\000n\000i\000t\000i\000o\000n}{section.15}% 63
\BOOKMARK [2][-]{subsection.15.2}{\376\377\000N\000i\000v\000e\000a\000u\000x\000\040\000d\000e\000\040\000C\000e\000r\000t\000i\000f\000i\000c\000a\000t\000i\000o\000n}{section.15}% 64
\BOOKMARK [1][-]{section.16}{\376\377\000C\000A\000R\000B\000U\000R\000A\000N\000T\000\040\000A\000V\000I\000A\000T\000I\000O\000N}{}% 65
\BOOKMARK [2][-]{subsection.16.1}{\376\377\000J\000e\000t\000\040\000A\000-\0001\000\040\040\024\000\040\000F\000i\000c\000h\000e\000\040\000T\000e\000c\000h\000n\000i\000q\000u\000e}{section.16}% 66
\BOOKMARK [2][-]{subsection.16.2}{\376\377\000S\000A\000F\000\040\040\024\000\040\000C\000a\000r\000b\000u\000r\000a\000n\000t\000\040\000A\000v\000i\000a\000t\000i\000o\000n\000\040\000D\000u\000r\000a\000b\000l\000e}{section.16}% 67
\BOOKMARK [2][-]{subsection.16.3}{\376\377\000A\000v\000g\000a\000s\000\040\0001\0000\0000\000L\000L}{section.16}% 68
\BOOKMARK [1][-]{section.17}{\376\377\000F\000A\000C\000T\000E\000U\000R\000S\000\040\000H\000U\000M\000A\000I\000N\000S\000\040\000\046\000\040\000C\000R\000M}{}% 69
\BOOKMARK [2][-]{subsection.17.1}{\376\377\000C\000R\000M\000\040\040\024\000\040\000C\000r\000e\000w\000\040\000R\000e\000s\000o\000u\000r\000c\000e\000\040\000M\000a\000n\000a\000g\000e\000m\000e\000n\000t}{section.17}% 70
\BOOKMARK [2][-]{subsection.17.2}{\376\377\000C\000o\000m\000p\000\351\000t\000e\000n\000c\000e\000s\000\040\000C\000R\000M}{section.17}% 71
\BOOKMARK [2][-]{subsection.17.3}{\376\377\000M\000o\000d\000\350\000l\000e\000\040\000d\000e\000\040\000R\000e\000a\000s\000o\000n\000\040\040\024\000\040\000`\000`\000F\000r\000o\000m\000a\000g\000e\000\040\000S\000u\000i\000s\000s\000e\000'\000'}{section.17}% 72
\BOOKMARK [1][-]{section.18}{\376\377\000S\000T\000R\000A\000T\000\311\000G\000I\000E\000\040\000E\000N\000V\000I\000R\000O\000N\000N\000E\000M\000E\000N\000T\000A\000L\000E\000\040\040\024\000\040\000A\000I\000R\000\040\000F\000R\000A\000N\000C\000E\000\040\000A\000C\000T}{}% 73
\BOOKMARK [1][-]{section.19}{\376\377\000S\000Y\000S\000T\000\310\000M\000E\000S\000\040\000A\000V\000I\000O\000N}{}% 74
\BOOKMARK [2][-]{subsection.19.1}{\376\377\000C\000i\000r\000c\000u\000i\000t\000s\000\040\000P\000r\000i\000n\000c\000i\000p\000a\000u\000x\000\040\000d\000'\000u\000n\000\040\000A\000v\000i\000o\000n\000\040\000d\000e\000\040\000L\000i\000g\000n\000e}{section.19}% 75
\BOOKMARK [2][-]{subsection.19.2}{\376\377\000P\000r\000e\000s\000s\000u\000r\000i\000s\000a\000t\000i\000o\000n}{section.19}% 76
\BOOKMARK [2][-]{subsection.19.3}{\376\377\000A\000P\000U\000\040\000\050\000A\000u\000x\000i\000l\000i\000a\000r\000y\000\040\000P\000o\000w\000e\000r\000\040\000U\000n\000i\000t\000\051}{section.19}% 77
\BOOKMARK [1][-]{section.20}{\376\377\000B\000A\000L\000I\000S\000A\000G\000E\000\040\000E\000T\000\040\000M\000A\000R\000Q\000U\000A\000G\000E\000\040\000D\000E\000S\000\040\000P\000I\000S\000T\000E\000S}{}% 78
\BOOKMARK [2][-]{subsection.20.1}{\376\377\000N\000u\000m\000\351\000r\000o\000t\000a\000t\000i\000o\000n\000\040\000d\000e\000s\000\040\000P\000i\000s\000t\000e\000s}{section.20}% 79
\BOOKMARK [2][-]{subsection.20.2}{\376\377\000F\000e\000u\000x\000\040\000d\000e\000\040\000P\000i\000s\000t\000e}{section.20}% 80
\BOOKMARK [2][-]{subsection.20.3}{\376\377\000T\000a\000x\000i\000w\000a\000y\000s}{section.20}% 81
\BOOKMARK [1][-]{section.21}{\376\377\000P\000H\000R\000A\000S\000\311\000O\000L\000O\000G\000I\000E\000\040\000R\000A\000D\000I\000O\000\040\040\024\000\040\000E\000X\000E\000M\000P\000L\000E\000S}{}% 82
\BOOKMARK [2][-]{subsection.21.1}{\376\377\000E\000x\000e\000m\000p\000l\000e\000s\000\040\000d\000e\000\040\000C\000o\000m\000m\000u\000n\000i\000c\000a\000t\000i\000o\000n\000s}{section.21}% 83
\BOOKMARK [2][-]{subsection.21.2}{\376\377\000T\000e\000r\000m\000e\000s\000\040\000I\000m\000p\000o\000r\000t\000a\000n\000t\000s}{section.21}% 84
\BOOKMARK [1][-]{section.22}{\376\377\000P\000E\000R\000F\000O\000R\000M\000A\000N\000C\000E\000S\000\040\040\024\000\040\000C\000O\000M\000P\000L\000\311\000M\000E\000N\000T\000S}{}% 85
\BOOKMARK [2][-]{subsection.22.1}{\376\377\000E\000f\000f\000e\000t\000\040\000d\000u\000\040\000V\000e\000n\000t\000\040\000s\000u\000r\000\040\000l\000e\000s\000\040\000P\000e\000r\000f\000o\000r\000m\000a\000n\000c\000e\000s}{section.22}% 86
\BOOKMARK [2][-]{subsection.22.2}{\376\377\000E\000f\000f\000e\000t\000\040\000d\000e\000\040\000l\000a\000\040\000T\000e\000m\000p\000\351\000r\000a\000t\000u\000r\000e\000\040\000e\000t\000\040\000d\000e\000\040\000l\000'\000A\000l\000t\000i\000t\000u\000d\000e}{section.22}% 87
\BOOKMARK [2][-]{subsection.22.3}{\376\377\000D\000i\000s\000t\000a\000n\000c\000e\000\040\000F\000r\000a\000n\000c\000h\000i\000s\000s\000a\000b\000l\000e\000\040\000v\000s\000\040\000A\000u\000t\000o\000n\000o\000m\000i\000e}{section.22}% 88
\BOOKMARK [1][-]{subsection.22.3}{\376\377\000Q\000C\000M\000\040\000S\000U\000P\000P\000L\000\311\000M\000E\000N\000T\000A\000I\000R\000E\000S\000\040\000\050\000Q\0001\0000\0001\040\023\0001\0002\0000\000\051}{}% 89
\BOOKMARK [1][-]{Item.144}{\376\377\000F\000I\000C\000H\000E\000S\000\040\000M\000\311\000M\000O\000\040\000E\000X\000P\000R\000E\000S\000S}{}% 90
